{"name": "test_lambdatest_two_input_fields[10-10-30]", "status": "failed", "statusDetails": {"message": "AssertionError: Expected total is 30, but got 20\nassert '20' == '30'\n  \n  - 30\n  + 20", "trace": "num1 = '10', num2 = '10', expected_total = '30'\n\n>   ???\nE   AssertionError: Expected total is 30, but got 20\nE   assert '20' == '30'\nE     \nE     - 30\nE     + 20\n\nc:\\Users\\shawn\\OneDrive\\Documents\\Tech\\Python\\VSCode_Testing\\Tests\\DemoPytest\\test_parameters.py:16: AssertionError"}, "parameters": [{"name": "num1", "value": "'10'"}, {"name": "num2", "value": "'10'"}, {"name": "expected_total", "value": "'30'"}], "start": 1742851355113, "stop": 1742851364830, "uuid": "6c779ee5-129b-4e89-8691-c3cf6b05c39c", "historyId": "267df575138ced7098dfc57218f861e3", "testCaseId": "b32855869a1e35e29ab2c2ef2f482799", "fullName": "QATests.DemoPytest.test_parameters#test_lambdatest_two_input_fields", "labels": [{"name": "parentSuite", "value": "QATests.DemoPytest"}, {"name": "suite", "value": "test_parameters"}, {"name": "host", "value": "ShawnAcer"}, {"name": "thread", "value": "80872-MainThread"}, {"name": "framework", "value": "pytest"}, {"name": "language", "value": "cpython3"}, {"name": "package", "value": "QATests.DemoPytest.test_parameters"}]}